d:\sideproject\tcpudpclient\tcpudpclient\x64\debug\tcpudpclient.pch
d:\sideproject\tcpudpclient\tcpudpclient\x64\debug\vc143.pdb
d:\sideproject\tcpudpclient\tcpudpclient\x64\debug\vc143.idb
d:\sideproject\tcpudpclient\tcpudpclient\x64\debug\pch.obj
d:\sideproject\tcpudpclient\tcpudpclient\x64\debug\tcpudpclientdlg.obj
d:\sideproject\tcpudpclient\tcpudpclient\x64\debug\tcpudpclient.obj
d:\sideproject\tcpudpclient\tcpudpclient\x64\debug\ccommudpmgr.obj
d:\sideproject\tcpudpclient\tcpudpclient\x64\debug\ccommtcpmgr.obj
d:\sideproject\tcpudpclient\tcpudpclient\x64\debug\ccentralmgr.obj
d:\sideproject\tcpudpclient\x64\debug\tcpudpclient.exe
d:\sideproject\tcpudpclient\x64\debug\tcpudpclient.pdb
d:\sideproject\tcpudpclient\tcpudpclient\x64\debug\tcpudpclient.res
d:\sideproject\tcpudpclient\tcpudpclient\x64\debug\tcpudpclient.ilk
d:\sideproject\tcpudpclient\tcpudpclient\x64\debug\tcpudpclient.tlog\cl.command.1.tlog
d:\sideproject\tcpudpclient\tcpudpclient\x64\debug\tcpudpclient.tlog\cl.items.tlog
d:\sideproject\tcpudpclient\tcpudpclient\x64\debug\tcpudpclient.tlog\cl.read.1.tlog
d:\sideproject\tcpudpclient\tcpudpclient\x64\debug\tcpudpclient.tlog\cl.write.1.tlog
d:\sideproject\tcpudpclient\tcpudpclient\x64\debug\tcpudpclient.tlog\link.command.1.tlog
d:\sideproject\tcpudpclient\tcpudpclient\x64\debug\tcpudpclient.tlog\link.read.1.tlog
d:\sideproject\tcpudpclient\tcpudpclient\x64\debug\tcpudpclient.tlog\link.secondary.1.tlog
d:\sideproject\tcpudpclient\tcpudpclient\x64\debug\tcpudpclient.tlog\link.write.1.tlog
d:\sideproject\tcpudpclient\tcpudpclient\x64\debug\tcpudpclient.tlog\rc.command.1.tlog
d:\sideproject\tcpudpclient\tcpudpclient\x64\debug\tcpudpclient.tlog\rc.read.1.tlog
d:\sideproject\tcpudpclient\tcpudpclient\x64\debug\tcpudpclient.tlog\rc.write.1.tlog
