d:\sideproject\tcpudpserver\tcpudpserver\x64\debug\tcpudpserver.pch
d:\sideproject\tcpudpserver\tcpudpserver\x64\debug\vc143.pdb
d:\sideproject\tcpudpserver\tcpudpserver\x64\debug\vc143.idb
d:\sideproject\tcpudpserver\tcpudpserver\x64\debug\pch.obj
d:\sideproject\tcpudpserver\tcpudpserver\x64\debug\tcpudpserverdlg.obj
d:\sideproject\tcpudpserver\tcpudpserver\x64\debug\tcpudpserver.obj
d:\sideproject\tcpudpserver\tcpudpserver\x64\debug\ccommudpmgr.obj
d:\sideproject\tcpudpserver\tcpudpserver\x64\debug\ccommtcpmgr.obj
d:\sideproject\tcpudpserver\tcpudpserver\x64\debug\ccentralmgr.obj
d:\sideproject\tcpudpserver\x64\debug\tcpudpserver.exe
d:\sideproject\tcpudpserver\x64\debug\tcpudpserver.pdb
d:\sideproject\tcpudpserver\tcpudpserver\x64\debug\tcpudpserver.res
d:\sideproject\tcpudpserver\tcpudpserver\x64\debug\tcpudpserver.ilk
d:\sideproject\tcpudpserver\tcpudpserver\x64\debug\tcpudpserver.tlog\cl.command.1.tlog
d:\sideproject\tcpudpserver\tcpudpserver\x64\debug\tcpudpserver.tlog\cl.items.tlog
d:\sideproject\tcpudpserver\tcpudpserver\x64\debug\tcpudpserver.tlog\cl.read.1.tlog
d:\sideproject\tcpudpserver\tcpudpserver\x64\debug\tcpudpserver.tlog\cl.write.1.tlog
d:\sideproject\tcpudpserver\tcpudpserver\x64\debug\tcpudpserver.tlog\link.command.1.tlog
d:\sideproject\tcpudpserver\tcpudpserver\x64\debug\tcpudpserver.tlog\link.read.1.tlog
d:\sideproject\tcpudpserver\tcpudpserver\x64\debug\tcpudpserver.tlog\link.secondary.1.tlog
d:\sideproject\tcpudpserver\tcpudpserver\x64\debug\tcpudpserver.tlog\link.write.1.tlog
d:\sideproject\tcpudpserver\tcpudpserver\x64\debug\tcpudpserver.tlog\rc.command.1.tlog
d:\sideproject\tcpudpserver\tcpudpserver\x64\debug\tcpudpserver.tlog\rc.read.1.tlog
d:\sideproject\tcpudpserver\tcpudpserver\x64\debug\tcpudpserver.tlog\rc.write.1.tlog
